

Microchip MPLAB XC8 Assembler V2.40 build 20220703182018 
                                                                                               Thu Feb 09 22:30:05 2023

Microchip MPLAB XC8 C Compiler v2.40 (Free license) build 20220703182018 Og1 
     1                           	processor	16F887
     2                           	pagewidth 120
     3                           	opt	flic
     4                           	psect	cinit,global,class=CODE,merge=1,delta=2
     5                           	psect	bssCOMMON,global,class=COMMON,space=1,delta=1,noexec
     6                           	psect	cstackCOMMON,global,class=COMMON,space=1,delta=1,noexec
     7                           	psect	cstackBANK0,global,class=BANK0,space=1,delta=1,noexec
     8                           	psect	maintext,global,class=CODE,split=1,delta=2
     9                           	psect	text1,local,class=CODE,merge=1,delta=2
    10                           	psect	text2,local,class=CODE,merge=1,delta=2
    11                           	psect	text3,local,class=CODE,merge=1,delta=2
    12                           	psect	intentry,global,class=CODE,delta=2
    13                           	psect	text4,local,class=CODE,merge=1,delta=2
    14                           	psect	text5,local,class=CODE,merge=1,delta=2
    15                           	psect	text6,local,class=CODE,merge=1,delta=2
    16                           	psect	text7,local,class=CODE,merge=1,delta=2
    17                           	psect	text8,local,class=CODE,merge=1,delta=2
    18                           	psect	text9,local,class=CODE,merge=1,delta=2
    19                           	psect	idloc,global,abs,ovrld,class=IDLOC,space=5,delta=2,noexec
    20                           	psect	config,global,abs,ovrld,class=CONFIG,space=4,delta=2,noexec
    21                           	dabs	1,0x7E,2
    22     0000                     
    23                           ; Version 2.40
    24                           ; Generated 17/11/2021 GMT
    25                           ; 
    26                           ; Copyright © 2021, Microchip Technology Inc. and its subsidiaries ("Microchip")
    27                           ; All rights reserved.
    28                           ; 
    29                           ; This software is developed by Microchip Technology Inc. and its subsidiaries ("Microch
      +                          ip").
    30                           ; 
    31                           ; Redistribution and use in source and binary forms, with or without modification, are
    32                           ; permitted provided that the following conditions are met:
    33                           ; 
    34                           ;     1. Redistributions of source code must retain the above copyright notice, this lis
      +                          t of
    35                           ;        conditions and the following disclaimer.
    36                           ; 
    37                           ;     2. Redistributions in binary form must reproduce the above copyright notice, this 
      +                          list
    38                           ;        of conditions and the following disclaimer in the documentation and/or other
    39                           ;        materials provided with the distribution. Publication is not required when
    40                           ;        this file is used in an embedded application.
    41                           ; 
    42                           ;     3. Microchip's name may not be used to endorse or promote products derived from th
      +                          is
    43                           ;        software without specific prior written permission.
    44                           ; 
    45                           ; THIS SOFTWARE IS PROVIDED BY MICROCHIP "AS IS" AND ANY EXPRESS OR IMPLIED WARRANTIES,
    46                           ; INCLUDING, BUT NOT LIMITED TO, THE IMPLIED WARRANTIES OF MERCHANTABILITY AND FITNESS F
      +                          OR
    47                           ; PURPOSE ARE DISCLAIMED.  IN NO EVENT SHALL MICROCHIP BE LIABLE FOR ANY DIRECT, INDIREC
      +                          T,
    48                           ; INCIDENTAL, SPECIAL, EXEMPLARY, OR CONSEQUENTIAL DAMAGES (INCLUDING BUT NOT LIMITED TO
    49                           ; PROCUREMENT OF SUBSTITUTE GOODS OR SERVICES; LOSS OF USE, DATA OR PROFITS; OR BUSINESS
    50                           ; INTERRUPTION) HOWSOEVER CAUSED AND ON ANY THEORY OF LIABILITY, WHETHER IN CONTRACT, ST
      +                          RICT
    51                           ; LIABILITY, OR TORT (INCLUDING NEGLIGENCE OR OTHERWISE) ARISING IN ANY WAY OUT OF THE U
      +                          SE OF
    52                           ; THIS SOFTWARE, EVEN IF ADVISED OF THE POSSIBILITY OF SUCH DAMAGE.
    53                           ; 
    54                           ; 
    55                           ; Code-generator required, PIC16F887 Definitions
    56                           ; 
    57                           ; SFR Addresses
    58     0000                     	;# 
    59     0001                     	;# 
    60     0002                     	;# 
    61     0003                     	;# 
    62     0004                     	;# 
    63     0005                     	;# 
    64     0006                     	;# 
    65     0007                     	;# 
    66     0008                     	;# 
    67     0009                     	;# 
    68     000A                     	;# 
    69     000B                     	;# 
    70     000C                     	;# 
    71     000D                     	;# 
    72     000E                     	;# 
    73     000E                     	;# 
    74     000F                     	;# 
    75     0010                     	;# 
    76     0011                     	;# 
    77     0012                     	;# 
    78     0013                     	;# 
    79     0014                     	;# 
    80     0015                     	;# 
    81     0015                     	;# 
    82     0016                     	;# 
    83     0017                     	;# 
    84     0018                     	;# 
    85     0019                     	;# 
    86     001A                     	;# 
    87     001B                     	;# 
    88     001B                     	;# 
    89     001C                     	;# 
    90     001D                     	;# 
    91     001E                     	;# 
    92     001F                     	;# 
    93     0081                     	;# 
    94     0085                     	;# 
    95     0086                     	;# 
    96     0087                     	;# 
    97     0088                     	;# 
    98     0089                     	;# 
    99     008C                     	;# 
   100     008D                     	;# 
   101     008E                     	;# 
   102     008F                     	;# 
   103     0090                     	;# 
   104     0091                     	;# 
   105     0092                     	;# 
   106     0093                     	;# 
   107     0093                     	;# 
   108     0093                     	;# 
   109     0094                     	;# 
   110     0095                     	;# 
   111     0096                     	;# 
   112     0097                     	;# 
   113     0098                     	;# 
   114     0099                     	;# 
   115     009A                     	;# 
   116     009B                     	;# 
   117     009C                     	;# 
   118     009D                     	;# 
   119     009E                     	;# 
   120     009F                     	;# 
   121     0105                     	;# 
   122     0107                     	;# 
   123     0108                     	;# 
   124     0109                     	;# 
   125     010C                     	;# 
   126     010C                     	;# 
   127     010D                     	;# 
   128     010E                     	;# 
   129     010F                     	;# 
   130     0185                     	;# 
   131     0187                     	;# 
   132     0188                     	;# 
   133     0189                     	;# 
   134     018C                     	;# 
   135     018D                     	;# 
   136     0000                     	;# 
   137     0001                     	;# 
   138     0002                     	;# 
   139     0003                     	;# 
   140     0004                     	;# 
   141     0005                     	;# 
   142     0006                     	;# 
   143     0007                     	;# 
   144     0008                     	;# 
   145     0009                     	;# 
   146     000A                     	;# 
   147     000B                     	;# 
   148     000C                     	;# 
   149     000D                     	;# 
   150     000E                     	;# 
   151     000E                     	;# 
   152     000F                     	;# 
   153     0010                     	;# 
   154     0011                     	;# 
   155     0012                     	;# 
   156     0013                     	;# 
   157     0014                     	;# 
   158     0015                     	;# 
   159     0015                     	;# 
   160     0016                     	;# 
   161     0017                     	;# 
   162     0018                     	;# 
   163     0019                     	;# 
   164     001A                     	;# 
   165     001B                     	;# 
   166     001B                     	;# 
   167     001C                     	;# 
   168     001D                     	;# 
   169     001E                     	;# 
   170     001F                     	;# 
   171     0081                     	;# 
   172     0085                     	;# 
   173     0086                     	;# 
   174     0087                     	;# 
   175     0088                     	;# 
   176     0089                     	;# 
   177     008C                     	;# 
   178     008D                     	;# 
   179     008E                     	;# 
   180     008F                     	;# 
   181     0090                     	;# 
   182     0091                     	;# 
   183     0092                     	;# 
   184     0093                     	;# 
   185     0093                     	;# 
   186     0093                     	;# 
   187     0094                     	;# 
   188     0095                     	;# 
   189     0096                     	;# 
   190     0097                     	;# 
   191     0098                     	;# 
   192     0099                     	;# 
   193     009A                     	;# 
   194     009B                     	;# 
   195     009C                     	;# 
   196     009D                     	;# 
   197     009E                     	;# 
   198     009F                     	;# 
   199     0105                     	;# 
   200     0107                     	;# 
   201     0108                     	;# 
   202     0109                     	;# 
   203     010C                     	;# 
   204     010C                     	;# 
   205     010D                     	;# 
   206     010E                     	;# 
   207     010F                     	;# 
   208     0185                     	;# 
   209     0187                     	;# 
   210     0188                     	;# 
   211     0189                     	;# 
   212     018C                     	;# 
   213     018D                     	;# 
   214     0000                     	;# 
   215     0001                     	;# 
   216     0002                     	;# 
   217     0003                     	;# 
   218     0004                     	;# 
   219     0005                     	;# 
   220     0006                     	;# 
   221     0007                     	;# 
   222     0008                     	;# 
   223     0009                     	;# 
   224     000A                     	;# 
   225     000B                     	;# 
   226     000C                     	;# 
   227     000D                     	;# 
   228     000E                     	;# 
   229     000E                     	;# 
   230     000F                     	;# 
   231     0010                     	;# 
   232     0011                     	;# 
   233     0012                     	;# 
   234     0013                     	;# 
   235     0014                     	;# 
   236     0015                     	;# 
   237     0015                     	;# 
   238     0016                     	;# 
   239     0017                     	;# 
   240     0018                     	;# 
   241     0019                     	;# 
   242     001A                     	;# 
   243     001B                     	;# 
   244     001B                     	;# 
   245     001C                     	;# 
   246     001D                     	;# 
   247     001E                     	;# 
   248     001F                     	;# 
   249     0081                     	;# 
   250     0085                     	;# 
   251     0086                     	;# 
   252     0087                     	;# 
   253     0088                     	;# 
   254     0089                     	;# 
   255     008C                     	;# 
   256     008D                     	;# 
   257     008E                     	;# 
   258     008F                     	;# 
   259     0090                     	;# 
   260     0091                     	;# 
   261     0092                     	;# 
   262     0093                     	;# 
   263     0093                     	;# 
   264     0093                     	;# 
   265     0094                     	;# 
   266     0095                     	;# 
   267     0096                     	;# 
   268     0097                     	;# 
   269     0098                     	;# 
   270     0099                     	;# 
   271     009A                     	;# 
   272     009B                     	;# 
   273     009C                     	;# 
   274     009D                     	;# 
   275     009E                     	;# 
   276     009F                     	;# 
   277     0105                     	;# 
   278     0107                     	;# 
   279     0108                     	;# 
   280     0109                     	;# 
   281     010C                     	;# 
   282     010C                     	;# 
   283     010D                     	;# 
   284     010E                     	;# 
   285     010F                     	;# 
   286     0185                     	;# 
   287     0187                     	;# 
   288     0188                     	;# 
   289     0189                     	;# 
   290     018C                     	;# 
   291     018D                     	;# 
   292     0013                     _SSPBUF	set	19
   293     0014                     _SSPCONbits	set	20
   294     000B                     _INTCONbits	set	11
   295     0014                     _SSPCON	set	20
   296     001F                     _ADCON0bits	set	31
   297     001E                     _ADRESH	set	30
   298     000C                     _PIR1bits	set	12
   299     0094                     _SSPSTATbits	set	148
   300     0091                     _SSPCON2	set	145
   301     0093                     _SSPADD	set	147
   302     0094                     _SSPSTAT	set	148
   303     0087                     _TRISCbits	set	135
   304     009F                     _ADCON1bits	set	159
   305     008C                     _PIE1bits	set	140
   306     008F                     _OSCCONbits	set	143
   307     04A0                     _BF	set	1184
   308     0189                     _ANSELH	set	393
   309     0188                     _ANSELbits	set	392
   310                           
   311                           	psect	cinit
   312     000F                     start_initialization:	
   313                           ; #config settings
   314                           
   315     000F                     __initialization:
   316                           
   317                           ; Clear objects allocated to COMMON
   318     000F  01F7               	clrf	__pbssCOMMON& (0+127)
   319     0010  01F8               	clrf	(__pbssCOMMON+1)& (0+127)
   320     0011                     end_of_initialization:	
   321                           ;End of C runtime variable initialization code
   322                           
   323     0011                     __end_of__initialization:
   324     0011  0183               	clrf	3
   325     0012  120A  118A  2910   	ljmp	_main	;jump to C main() function
   326                           
   327                           	psect	bssCOMMON
   328     0077                     __pbssCOMMON:
   329     0077                     _temporal:
   330     0077                     	ds	1
   331     0078                     _valor_ADC:
   332     0078                     	ds	1
   333                           
   334                           	psect	cstackCOMMON
   335     0070                     __pcstackCOMMON:
   336     0070                     ?_I2C_Error_Data:
   337     0070                     ??_I2C_Error_Data:	
   338                           ; 1 bytes @ 0x0
   339                           
   340     0070                     ?_I2C_Read_Slave:	
   341                           ; 1 bytes @ 0x0
   342                           
   343     0070                     ??_I2C_Read_Slave:	
   344                           ; 1 bytes @ 0x0
   345                           
   346     0070                     ?_I2C_Write_Slave:	
   347                           ; 1 bytes @ 0x0
   348                           
   349     0070                     ??_I2C_Write_Slave:	
   350                           ; 1 bytes @ 0x0
   351                           
   352     0070                     ?_setup:	
   353                           ; 1 bytes @ 0x0
   354                           
   355     0070                     ?_I2C_Init_Slave:	
   356                           ; 1 bytes @ 0x0
   357                           
   358     0070                     ?_isr:	
   359                           ; 1 bytes @ 0x0
   360                           
   361     0070                     ?_main:	
   362                           ; 1 bytes @ 0x0
   363                           
   364     0070                     ?_I2C_Error_Read:	
   365                           ; 1 bytes @ 0x0
   366                           
   367     0070                     ?_I2C_Write_Mode:	
   368                           ; 2 bytes @ 0x0
   369                           
   370     0070                     ?_I2C_Read_Mode:	
   371                           ; 2 bytes @ 0x0
   372                           
   373     0070                     I2C_Read_Slave@dato_i2c:	
   374                           ; 2 bytes @ 0x0
   375                           
   376     0070                     I2C_Write_Slave@dato_i2c:	
   377                           ; 1 bytes @ 0x0
   378                           
   379                           
   380                           ; 1 bytes @ 0x0
   381     0070                     	ds	2
   382     0072                     ??_I2C_Error_Read:
   383     0072                     ??_I2C_Write_Mode:	
   384                           ; 1 bytes @ 0x2
   385                           
   386     0072                     ??_I2C_Read_Mode:	
   387                           ; 1 bytes @ 0x2
   388                           
   389                           
   390                           ; 1 bytes @ 0x2
   391     0072                     	ds	2
   392     0074                     _I2C_Error_Read$491:
   393     0074                     _I2C_Write_Mode$501:	
   394                           ; 1 bytes @ 0x4
   395                           
   396     0074                     _I2C_Read_Mode$503:	
   397                           ; 1 bytes @ 0x4
   398                           
   399                           
   400                           ; 1 bytes @ 0x4
   401     0074                     	ds	1
   402     0075                     ??_isr:
   403                           
   404                           ; 1 bytes @ 0x5
   405     0075                     	ds	2
   406                           
   407                           	psect	cstackBANK0
   408     0020                     __pcstackBANK0:
   409     0020                     ??_I2C_Init_Slave:
   410     0020                     I2C_Init_Slave@add_slave:	
   411                           ; 1 bytes @ 0x0
   412                           
   413                           
   414                           ; 1 bytes @ 0x0
   415     0020                     	ds	1
   416     0021                     ??_setup:
   417                           
   418                           ; 1 bytes @ 0x1
   419     0021                     	ds	1
   420     0022                     ??_main:
   421                           
   422                           	psect	maintext
   423     0110                     __pmaintext:	
   424                           ; 1 bytes @ 0x2
   425 ;;
   426 ;;Main: autosize = 0, tempsize = 0, incstack = 0, save=0
   427 ;;
   428 ;; *************** function _main *****************
   429 ;; Defined at:
   430 ;;		line 85 in file "esclavo.c"
   431 ;; Parameters:    Size  Location     Type
   432 ;;		None
   433 ;; Auto vars:     Size  Location     Type
   434 ;;		None
   435 ;; Return value:  Size  Location     Type
   436 ;;                  1    wreg      void 
   437 ;; Registers used:
   438 ;;		wreg, status,2, status,0, pclath, cstack
   439 ;; Tracked objects:
   440 ;;		On entry : B00/0
   441 ;;		On exit  : 0/0
   442 ;;		Unchanged: 0/0
   443 ;; Data sizes:     COMMON   BANK0   BANK1   BANK3   BANK2
   444 ;;      Params:         0       0       0       0       0
   445 ;;      Locals:         0       0       0       0       0
   446 ;;      Temps:          0       0       0       0       0
   447 ;;      Totals:         0       0       0       0       0
   448 ;;Total ram usage:        0 bytes
   449 ;; Hardware stack levels required when called: 4
   450 ;; This function calls:
   451 ;;		_setup
   452 ;; This function is called by:
   453 ;;		Startup code after reset
   454 ;; This function uses a non-reentrant model
   455 ;;
   456                           
   457     0110                     _main:	
   458                           ;psect for function _main
   459                           
   460     0110                     l1013:	
   461                           ;incstack = 0
   462                           ; Regs used in _main: [wreg+status,2+status,0+pclath+cstack]
   463                           
   464                           
   465                           ;esclavo.c: 87:     setup();
   466     0110  120A  118A  205E  120A  118A  	fcall	_setup
   467     0115                     l1015:
   468                           
   469                           ;esclavo.c: 89:     {;esclavo.c: 90:         if (ADCON0bits.GO == 0)
   470     0115  1283               	bcf	3,5	;RP0=0, select bank0
   471     0116  1303               	bcf	3,6	;RP1=0, select bank0
   472     0117  189F               	btfsc	31,1	;volatile
   473     0118  291A               	goto	u271
   474     0119  291B               	goto	u270
   475     011A                     u271:
   476     011A  2915               	goto	l1015
   477     011B                     u270:
   478     011B                     l1017:
   479                           
   480                           ;esclavo.c: 91:         {;esclavo.c: 92:             ADCON0bits.GO = 1;
   481     011B  149F               	bsf	31,1	;volatile
   482     011C  2915               	goto	l1015
   483     011D  120A  118A  280C   	ljmp	start
   484     0120                     __end_of_main:
   485                           
   486                           	psect	text1
   487     005E                     __ptext1:	
   488 ;; *************** function _setup *****************
   489 ;; Defined at:
   490 ;;		line 100 in file "esclavo.c"
   491 ;; Parameters:    Size  Location     Type
   492 ;;		None
   493 ;; Auto vars:     Size  Location     Type
   494 ;;		None
   495 ;; Return value:  Size  Location     Type
   496 ;;                  1    wreg      void 
   497 ;; Registers used:
   498 ;;		wreg, status,2, status,0, pclath, cstack
   499 ;; Tracked objects:
   500 ;;		On entry : 0/0
   501 ;;		On exit  : 0/0
   502 ;;		Unchanged: 0/0
   503 ;; Data sizes:     COMMON   BANK0   BANK1   BANK3   BANK2
   504 ;;      Params:         0       0       0       0       0
   505 ;;      Locals:         0       0       0       0       0
   506 ;;      Temps:          0       1       0       0       0
   507 ;;      Totals:         0       1       0       0       0
   508 ;;Total ram usage:        1 bytes
   509 ;; Hardware stack levels used: 1
   510 ;; Hardware stack levels required when called: 3
   511 ;; This function calls:
   512 ;;		_I2C_Init_Slave
   513 ;; This function is called by:
   514 ;;		_main
   515 ;; This function uses a non-reentrant model
   516 ;;
   517                           
   518     005E                     _setup:	
   519                           ;psect for function _setup
   520                           
   521     005E                     l973:	
   522                           ;incstack = 0
   523                           ; Regs used in _setup: [wreg+status,2+status,0+pclath+cstack]
   524                           
   525                           
   526                           ;esclavo.c: 103:     ANSELbits.ANS0 = 1;
   527     005E  1683               	bsf	3,5	;RP0=1, select bank3
   528     005F  1703               	bsf	3,6	;RP1=1, select bank3
   529     0060  1408               	bsf	8,0	;volatile
   530     0061                     l975:
   531                           
   532                           ;esclavo.c: 104:     ANSELH = 0;
   533     0061  0189               	clrf	9	;volatile
   534     0062                     l977:
   535                           
   536                           ;esclavo.c: 107:     OSCCONbits.IRCF2 = 1;
   537     0062  1683               	bsf	3,5	;RP0=1, select bank1
   538     0063  1303               	bcf	3,6	;RP1=0, select bank1
   539     0064  170F               	bsf	15,6	;volatile
   540     0065                     l979:
   541                           
   542                           ;esclavo.c: 108:     OSCCONbits.IRCF1 = 1;
   543     0065  168F               	bsf	15,5	;volatile
   544     0066                     l981:
   545                           
   546                           ;esclavo.c: 109:     OSCCONbits.IRCF0 = 1;
   547     0066  160F               	bsf	15,4	;volatile
   548     0067                     l983:
   549                           
   550                           ;esclavo.c: 112:     OSCCONbits.SCS = 1;
   551     0067  140F               	bsf	15,0	;volatile
   552     0068                     l985:
   553                           
   554                           ;esclavo.c: 115:     I2C_Init_Slave(0x50);
   555     0068  3050               	movlw	80
   556     0069  120A  118A  208C  120A  118A  	fcall	_I2C_Init_Slave
   557     006E                     l987:
   558                           
   559                           ;esclavo.c: 118:     PIR1bits.ADIF = 0;
   560     006E  1283               	bcf	3,5	;RP0=0, select bank0
   561     006F  1303               	bcf	3,6	;RP1=0, select bank0
   562     0070  130C               	bcf	12,6	;volatile
   563     0071                     l989:
   564                           
   565                           ;esclavo.c: 119:     PIE1bits.ADIE = 1;
   566     0071  1683               	bsf	3,5	;RP0=1, select bank1
   567     0072  1303               	bcf	3,6	;RP1=0, select bank1
   568     0073  170C               	bsf	12,6	;volatile
   569     0074                     l991:
   570                           
   571                           ;esclavo.c: 121:     ADCON0bits.ADCS1 = 0;
   572     0074  1283               	bcf	3,5	;RP0=0, select bank0
   573     0075  1303               	bcf	3,6	;RP1=0, select bank0
   574     0076  139F               	bcf	31,7	;volatile
   575     0077                     l993:
   576                           
   577                           ;esclavo.c: 122:     ADCON0bits.ADCS0 = 0;
   578     0077  131F               	bcf	31,6	;volatile
   579     0078                     l995:
   580                           
   581                           ;esclavo.c: 124:     ADCON1bits.VCFG1 = 0;
   582     0078  1683               	bsf	3,5	;RP0=1, select bank1
   583     0079  1303               	bcf	3,6	;RP1=0, select bank1
   584     007A  129F               	bcf	31,5	;volatile
   585     007B                     l997:
   586                           
   587                           ;esclavo.c: 125:     ADCON1bits.VCFG0 = 0;
   588     007B  121F               	bcf	31,4	;volatile
   589     007C                     l999:
   590                           
   591                           ;esclavo.c: 127:     ADCON1bits.ADFM = 0;
   592     007C  139F               	bcf	31,7	;volatile
   593     007D                     l1001:
   594                           
   595                           ;esclavo.c: 129:     ADCON0bits.CHS3 = 0;
   596     007D  1283               	bcf	3,5	;RP0=0, select bank0
   597     007E  1303               	bcf	3,6	;RP1=0, select bank0
   598     007F  129F               	bcf	31,5	;volatile
   599     0080                     l1003:
   600                           
   601                           ;esclavo.c: 130:     ADCON0bits.CHS2 = 0;
   602     0080  121F               	bcf	31,4	;volatile
   603     0081                     l1005:
   604                           
   605                           ;esclavo.c: 131:     ADCON0bits.CHS1 = 0;
   606     0081  119F               	bcf	31,3	;volatile
   607     0082                     l1007:
   608                           
   609                           ;esclavo.c: 132:     ADCON0bits.CHS0 = 0;
   610     0082  111F               	bcf	31,2	;volatile
   611     0083                     l1009:
   612                           
   613                           ;esclavo.c: 134:     ADCON0bits.ADON = 1;
   614     0083  141F               	bsf	31,0	;volatile
   615     0084                     l1011:
   616                           
   617                           ;esclavo.c: 135:     _delay((unsigned long)((100)*(8000000/4000000.0)));
   618     0084  3041               	movlw	65
   619     0085  1283               	bcf	3,5	;RP0=0, select bank0
   620     0086  1303               	bcf	3,6	;RP1=0, select bank0
   621     0087  00A1               	movwf	??_setup
   622     0088                     u287:
   623     0088  0BA1               	decfsz	??_setup,f
   624     0089  2888               	goto	u287
   625     008A  288B               	nop2
   626     008B                     l60:
   627     008B  0008               	return
   628     008C                     __end_of_setup:
   629                           
   630                           	psect	text2
   631     008C                     __ptext2:	
   632 ;; *************** function _I2C_Init_Slave *****************
   633 ;; Defined at:
   634 ;;		line 83 in file "i2c.c"
   635 ;; Parameters:    Size  Location     Type
   636 ;;  add_slave       1    wreg     unsigned char 
   637 ;; Auto vars:     Size  Location     Type
   638 ;;  add_slave       1    0[BANK0 ] unsigned char 
   639 ;; Return value:  Size  Location     Type
   640 ;;                  1    wreg      void 
   641 ;; Registers used:
   642 ;;		wreg
   643 ;; Tracked objects:
   644 ;;		On entry : 0/0
   645 ;;		On exit  : 0/0
   646 ;;		Unchanged: 0/0
   647 ;; Data sizes:     COMMON   BANK0   BANK1   BANK3   BANK2
   648 ;;      Params:         0       0       0       0       0
   649 ;;      Locals:         0       1       0       0       0
   650 ;;      Temps:          0       0       0       0       0
   651 ;;      Totals:         0       1       0       0       0
   652 ;;Total ram usage:        1 bytes
   653 ;; Hardware stack levels used: 1
   654 ;; Hardware stack levels required when called: 2
   655 ;; This function calls:
   656 ;;		Nothing
   657 ;; This function is called by:
   658 ;;		_setup
   659 ;; This function uses a non-reentrant model
   660 ;;
   661                           
   662     008C                     _I2C_Init_Slave:	
   663                           ;psect for function _I2C_Init_Slave
   664                           
   665                           
   666                           ;incstack = 0
   667                           ; Regs used in _I2C_Init_Slave: [wreg]
   668                           ;I2C_Init_Slave@add_slave stored from wreg
   669     008C  1283               	bcf	3,5	;RP0=0, select bank0
   670     008D  1303               	bcf	3,6	;RP1=0, select bank0
   671     008E  00A0               	movwf	I2C_Init_Slave@add_slave
   672     008F                     l961:
   673                           
   674                           ;i2c.c: 83: void I2C_Init_Slave(unsigned char add_slave);i2c.c: 84: {;i2c.c: 85:     TRI
      +                          SCbits.TRISC3 = 1;
   675     008F  1683               	bsf	3,5	;RP0=1, select bank1
   676     0090  1303               	bcf	3,6	;RP1=0, select bank1
   677     0091  1587               	bsf	7,3	;volatile
   678                           
   679                           ;i2c.c: 86:     TRISCbits.TRISC4 = 1;
   680     0092  1607               	bsf	7,4	;volatile
   681     0093                     l963:
   682                           
   683                           ;i2c.c: 87:     SSPSTAT = 0x80;
   684     0093  3080               	movlw	128
   685     0094  0094               	movwf	20	;volatile
   686                           
   687                           ;i2c.c: 88:     SSPADD = add_slave;
   688     0095  1283               	bcf	3,5	;RP0=0, select bank0
   689     0096  1303               	bcf	3,6	;RP1=0, select bank0
   690     0097  0820               	movf	I2C_Init_Slave@add_slave,w
   691     0098  1683               	bsf	3,5	;RP0=1, select bank1
   692     0099  1303               	bcf	3,6	;RP1=0, select bank1
   693     009A  0093               	movwf	19	;volatile
   694                           
   695                           ;i2c.c: 89:     SSPCON = 0x36;
   696     009B  3036               	movlw	54
   697     009C  1283               	bcf	3,5	;RP0=0, select bank0
   698     009D  1303               	bcf	3,6	;RP1=0, select bank0
   699     009E  0094               	movwf	20	;volatile
   700                           
   701                           ;i2c.c: 90:     SSPCON2 = 0x01;
   702     009F  3001               	movlw	1
   703     00A0  1683               	bsf	3,5	;RP0=1, select bank1
   704     00A1  1303               	bcf	3,6	;RP1=0, select bank1
   705     00A2  0091               	movwf	17	;volatile
   706     00A3                     l965:
   707                           
   708                           ;i2c.c: 91:     INTCONbits.GIE = 1;
   709     00A3  178B               	bsf	11,7	;volatile
   710     00A4                     l967:
   711                           
   712                           ;i2c.c: 92:     INTCONbits.PEIE = 1;
   713     00A4  170B               	bsf	11,6	;volatile
   714     00A5                     l969:
   715                           
   716                           ;i2c.c: 93:     PIR1bits.SSPIF = 0;
   717     00A5  1283               	bcf	3,5	;RP0=0, select bank0
   718     00A6  1303               	bcf	3,6	;RP1=0, select bank0
   719     00A7  118C               	bcf	12,3	;volatile
   720     00A8                     l971:
   721                           
   722                           ;i2c.c: 94:     PIE1bits.SSPIE = 1;
   723     00A8  1683               	bsf	3,5	;RP0=1, select bank1
   724     00A9  1303               	bcf	3,6	;RP1=0, select bank1
   725     00AA  158C               	bsf	12,3	;volatile
   726     00AB                     l87:
   727     00AB  0008               	return
   728     00AC                     __end_of_I2C_Init_Slave:
   729                           
   730                           	psect	text3
   731     0015                     __ptext3:	
   732 ;; *************** function _isr *****************
   733 ;; Defined at:
   734 ;;		line 54 in file "esclavo.c"
   735 ;; Parameters:    Size  Location     Type
   736 ;;		None
   737 ;; Auto vars:     Size  Location     Type
   738 ;;		None
   739 ;; Return value:  Size  Location     Type
   740 ;;                  1    wreg      void 
   741 ;; Registers used:
   742 ;;		wreg, status,2, status,0, pclath, cstack
   743 ;; Tracked objects:
   744 ;;		On entry : 0/0
   745 ;;		On exit  : 0/0
   746 ;;		Unchanged: 0/0
   747 ;; Data sizes:     COMMON   BANK0   BANK1   BANK3   BANK2
   748 ;;      Params:         0       0       0       0       0
   749 ;;      Locals:         0       0       0       0       0
   750 ;;      Temps:          2       0       0       0       0
   751 ;;      Totals:         2       0       0       0       0
   752 ;;Total ram usage:        2 bytes
   753 ;; Hardware stack levels used: 1
   754 ;; Hardware stack levels required when called: 1
   755 ;; This function calls:
   756 ;;		_I2C_Error_Data
   757 ;;		_I2C_Error_Read
   758 ;;		_I2C_Read_Mode
   759 ;;		_I2C_Read_Slave
   760 ;;		_I2C_Write_Mode
   761 ;;		_I2C_Write_Slave
   762 ;; This function is called by:
   763 ;;		Interrupt level 1
   764 ;; This function uses a non-reentrant model
   765 ;;
   766                           
   767     0015                     _isr:	
   768                           ;psect for function _isr
   769                           
   770     0015                     i1l935:
   771                           
   772                           ;esclavo.c: 57:     if (PIR1bits.ADIF == 1)
   773     0015  1283               	bcf	3,5	;RP0=0, select bank0
   774     0016  1303               	bcf	3,6	;RP1=0, select bank0
   775     0017  1F0C               	btfss	12,6	;volatile
   776     0018  281A               	goto	u21_21
   777     0019  281B               	goto	u21_20
   778     001A                     u21_21:
   779     001A  281E               	goto	i1l941
   780     001B                     u21_20:
   781     001B                     i1l937:
   782                           
   783                           ;esclavo.c: 58:     {;esclavo.c: 59:         valor_ADC = ADRESH;
   784     001B  081E               	movf	30,w	;volatile
   785     001C  00F8               	movwf	_valor_ADC
   786     001D                     i1l939:
   787                           
   788                           ;esclavo.c: 60:         PIR1bits.ADIF = 0;
   789     001D  130C               	bcf	12,6	;volatile
   790     001E                     i1l941:
   791                           
   792                           ;esclavo.c: 64:     if (PIR1bits.SSPIF == 1)
   793     001E  1D8C               	btfss	12,3	;volatile
   794     001F  2821               	goto	u22_21
   795     0020  2822               	goto	u22_20
   796     0021                     u22_21:
   797     0021  2857               	goto	i1l48
   798     0022                     u22_20:
   799     0022                     i1l943:
   800                           
   801                           ;esclavo.c: 65:     {;esclavo.c: 66:         if(I2C_Error_Read() != 0)
   802     0022  120A  118A  20AC  120A  118A  	fcall	_I2C_Error_Read
   803     0027  0870               	movf	?_I2C_Error_Read,w
   804     0028  0471               	iorwf	?_I2C_Error_Read+1,w
   805     0029  1903               	btfsc	3,2
   806     002A  282C               	goto	u23_21
   807     002B  282D               	goto	u23_20
   808     002C                     u23_21:
   809     002C  2832               	goto	i1l45
   810     002D                     u23_20:
   811     002D                     i1l945:
   812                           
   813                           ;esclavo.c: 67:         {;esclavo.c: 68:             I2C_Error_Data();
   814     002D  120A  118A  2120  120A  118A  	fcall	_I2C_Error_Data
   815     0032                     i1l45:	
   816                           ;esclavo.c: 69:         }
   817                           
   818                           
   819                           ;esclavo.c: 70:         if(I2C_Write_Mode() == 1)
   820     0032  120A  118A  20C2  120A  118A  	fcall	_I2C_Write_Mode
   821     0037  0370               	decf	?_I2C_Write_Mode,w
   822     0038  0471               	iorwf	?_I2C_Write_Mode+1,w
   823     0039  1D03               	btfss	3,2
   824     003A  283C               	goto	u24_21
   825     003B  283D               	goto	u24_20
   826     003C                     u24_21:
   827     003C  2843               	goto	i1l949
   828     003D                     u24_20:
   829     003D                     i1l947:
   830                           
   831                           ;esclavo.c: 71:         {;esclavo.c: 72:             temporal = I2C_Read_Slave();
   832     003D  120A  118A  20FF  120A  118A  	fcall	_I2C_Read_Slave
   833     0042  00F7               	movwf	_temporal
   834     0043                     i1l949:
   835                           
   836                           ;esclavo.c: 74:         if(I2C_Read_Mode() == 1)
   837     0043  120A  118A  20D7  120A  118A  	fcall	_I2C_Read_Mode
   838     0048  0370               	decf	?_I2C_Read_Mode,w
   839     0049  0471               	iorwf	?_I2C_Read_Mode+1,w
   840     004A  1D03               	btfss	3,2
   841     004B  284D               	goto	u25_21
   842     004C  284E               	goto	u25_20
   843     004D                     u25_21:
   844     004D  2854               	goto	i1l953
   845     004E                     u25_20:
   846     004E                     i1l951:
   847                           
   848                           ;esclavo.c: 75:         {;esclavo.c: 76:             I2C_Write_Slave(valor_ADC);
   849     004E  0878               	movf	_valor_ADC,w
   850     004F  120A  118A  20EC  120A  118A  	fcall	_I2C_Write_Slave
   851     0054                     i1l953:
   852                           
   853                           ;esclavo.c: 78:         PIR1bits.SSPIF = 0;
   854     0054  1283               	bcf	3,5	;RP0=0, select bank0
   855     0055  1303               	bcf	3,6	;RP1=0, select bank0
   856     0056  118C               	bcf	12,3	;volatile
   857     0057                     i1l48:
   858     0057  0876               	movf	??_isr+1,w
   859     0058  008A               	movwf	10
   860     0059  0E75               	swapf	??_isr,w
   861     005A  0083               	movwf	3
   862     005B  0EFE               	swapf	btemp,f
   863     005C  0E7E               	swapf	btemp,w
   864     005D  0009               	retfie
   865     005E                     __end_of_isr:
   866                           
   867                           	psect	intentry
   868     0004                     __pintentry:	
   869                           ;incstack = 0
   870                           ; Regs used in _isr: [wreg+status,2+status,0+pclath+cstack]
   871                           
   872     0004                     interrupt_function:
   873     007E                     saved_w	set	btemp
   874     0004  00FE               	movwf	btemp
   875     0005  0E03               	swapf	3,w
   876     0006  00F5               	movwf	??_isr
   877     0007  080A               	movf	10,w
   878     0008  00F6               	movwf	??_isr+1
   879     0009  120A  118A  2815   	ljmp	_isr
   880                           
   881                           	psect	text4
   882     00EC                     __ptext4:	
   883 ;; *************** function _I2C_Write_Slave *****************
   884 ;; Defined at:
   885 ;;		line 135 in file "i2c.c"
   886 ;; Parameters:    Size  Location     Type
   887 ;;  dato_i2c        1    wreg     unsigned char 
   888 ;; Auto vars:     Size  Location     Type
   889 ;;  dato_i2c        1    0[COMMON] unsigned char 
   890 ;;  z               2    0        short 
   891 ;; Return value:  Size  Location     Type
   892 ;;                  1    wreg      void 
   893 ;; Registers used:
   894 ;;		wreg
   895 ;; Tracked objects:
   896 ;;		On entry : 0/0
   897 ;;		On exit  : 0/0
   898 ;;		Unchanged: 0/0
   899 ;; Data sizes:     COMMON   BANK0   BANK1   BANK3   BANK2
   900 ;;      Params:         0       0       0       0       0
   901 ;;      Locals:         1       0       0       0       0
   902 ;;      Temps:          0       0       0       0       0
   903 ;;      Totals:         1       0       0       0       0
   904 ;;Total ram usage:        1 bytes
   905 ;; Hardware stack levels used: 1
   906 ;; This function calls:
   907 ;;		Nothing
   908 ;; This function is called by:
   909 ;;		_isr
   910 ;; This function uses a non-reentrant model
   911 ;;
   912                           
   913     00EC                     _I2C_Write_Slave:	
   914                           ;psect for function _I2C_Write_Slave
   915                           
   916                           
   917                           ;incstack = 0
   918                           ; Regs used in _I2C_Write_Slave: [wreg]
   919                           ;I2C_Write_Slave@dato_i2c stored from wreg
   920     00EC  00F0               	movwf	I2C_Write_Slave@dato_i2c
   921     00ED                     i1l777:
   922     00ED  1283               	bcf	3,5	;RP0=0, select bank0
   923     00EE  1303               	bcf	3,6	;RP1=0, select bank0
   924     00EF  0813               	movf	19,w	;volatile
   925     00F0                     i1l779:
   926                           
   927                           ;i2c.c: 139:     BF = 0;
   928     00F0  1683               	bsf	3,5	;RP0=1, select bank1
   929     00F1  1303               	bcf	3,6	;RP1=0, select bank1
   930     00F2  1014               	bcf	20,0	;volatile
   931                           
   932                           ;i2c.c: 140:     SSPBUF = dato_i2c;
   933     00F3  0870               	movf	I2C_Write_Slave@dato_i2c,w
   934     00F4  1283               	bcf	3,5	;RP0=0, select bank0
   935     00F5  1303               	bcf	3,6	;RP1=0, select bank0
   936     00F6  0093               	movwf	19	;volatile
   937     00F7                     i1l781:
   938                           
   939                           ;i2c.c: 141:     SSPCONbits.CKP = 1;
   940     00F7  1614               	bsf	20,4	;volatile
   941     00F8                     i1l114:	
   942                           ;i2c.c: 142:     while(SSPSTATbits.BF == 1);
   943                           
   944     00F8  1683               	bsf	3,5	;RP0=1, select bank1
   945     00F9  1303               	bcf	3,6	;RP1=0, select bank1
   946     00FA  1814               	btfsc	20,0	;volatile
   947     00FB  28FD               	goto	u8_21
   948     00FC  28FE               	goto	u8_20
   949     00FD                     u8_21:
   950     00FD  28F8               	goto	i1l114
   951     00FE                     u8_20:
   952     00FE                     i1l117:
   953     00FE  0008               	return
   954     00FF                     __end_of_I2C_Write_Slave:
   955                           
   956                           	psect	text5
   957     00C2                     __ptext5:	
   958 ;; *************** function _I2C_Write_Mode *****************
   959 ;; Defined at:
   960 ;;		line 103 in file "i2c.c"
   961 ;; Parameters:    Size  Location     Type
   962 ;;		None
   963 ;; Auto vars:     Size  Location     Type
   964 ;;		None
   965 ;; Return value:  Size  Location     Type
   966 ;;                  2    0[COMMON] short 
   967 ;; Registers used:
   968 ;;		wreg, status,2
   969 ;; Tracked objects:
   970 ;;		On entry : 0/0
   971 ;;		On exit  : 0/0
   972 ;;		Unchanged: 0/0
   973 ;; Data sizes:     COMMON   BANK0   BANK1   BANK3   BANK2
   974 ;;      Params:         2       0       0       0       0
   975 ;;      Locals:         1       0       0       0       0
   976 ;;      Temps:          2       0       0       0       0
   977 ;;      Totals:         5       0       0       0       0
   978 ;;Total ram usage:        5 bytes
   979 ;; Hardware stack levels used: 1
   980 ;; This function calls:
   981 ;;		Nothing
   982 ;; This function is called by:
   983 ;;		_isr
   984 ;; This function uses a non-reentrant model
   985 ;;
   986                           
   987     00C2                     _I2C_Write_Mode:	
   988                           ;psect for function _I2C_Write_Mode
   989                           
   990     00C2                     i1l871:	
   991                           ;incstack = 0
   992                           ; Regs used in _I2C_Write_Mode: [wreg+status,2]
   993                           
   994                           
   995                           ;i2c.c: 105:     return(!SSPSTATbits.D_nA && !SSPSTATbits.R_nW) ? 1 : 0;
   996     00C2  01F4               	clrf	_I2C_Write_Mode$501
   997     00C3                     i1l873:
   998     00C3  1683               	bsf	3,5	;RP0=1, select bank1
   999     00C4  1303               	bcf	3,6	;RP1=0, select bank1
  1000     00C5  1A94               	btfsc	20,5	;volatile
  1001     00C6  28C8               	goto	u17_21
  1002     00C7  28C9               	goto	u17_20
  1003     00C8                     u17_21:
  1004     00C8  28CF               	goto	i1l879
  1005     00C9                     u17_20:
  1006     00C9                     i1l875:
  1007     00C9  1914               	btfsc	20,2	;volatile
  1008     00CA  28CC               	goto	u18_21
  1009     00CB  28CD               	goto	u18_20
  1010     00CC                     u18_21:
  1011     00CC  28CF               	goto	i1l879
  1012     00CD                     u18_20:
  1013     00CD                     i1l877:
  1014     00CD  01F4               	clrf	_I2C_Write_Mode$501
  1015     00CE  0AF4               	incf	_I2C_Write_Mode$501,f
  1016     00CF                     i1l879:
  1017     00CF  0874               	movf	_I2C_Write_Mode$501,w
  1018     00D0  00F2               	movwf	??_I2C_Write_Mode
  1019     00D1  01F3               	clrf	??_I2C_Write_Mode+1
  1020     00D2  0872               	movf	??_I2C_Write_Mode,w
  1021     00D3  00F0               	movwf	?_I2C_Write_Mode
  1022     00D4  0873               	movf	??_I2C_Write_Mode+1,w
  1023     00D5  00F1               	movwf	?_I2C_Write_Mode+1
  1024     00D6                     i1l97:
  1025     00D6  0008               	return
  1026     00D7                     __end_of_I2C_Write_Mode:
  1027                           
  1028                           	psect	text6
  1029     00FF                     __ptext6:	
  1030 ;; *************** function _I2C_Read_Slave *****************
  1031 ;; Defined at:
  1032 ;;		line 123 in file "i2c.c"
  1033 ;; Parameters:    Size  Location     Type
  1034 ;;		None
  1035 ;; Auto vars:     Size  Location     Type
  1036 ;;  z               2    0        short 
  1037 ;;  dato_i2c        1    0[COMMON] unsigned char 
  1038 ;; Return value:  Size  Location     Type
  1039 ;;                  1    wreg      unsigned char 
  1040 ;; Registers used:
  1041 ;;		wreg
  1042 ;; Tracked objects:
  1043 ;;		On entry : 0/0
  1044 ;;		On exit  : 0/0
  1045 ;;		Unchanged: 0/0
  1046 ;; Data sizes:     COMMON   BANK0   BANK1   BANK3   BANK2
  1047 ;;      Params:         0       0       0       0       0
  1048 ;;      Locals:         1       0       0       0       0
  1049 ;;      Temps:          0       0       0       0       0
  1050 ;;      Totals:         1       0       0       0       0
  1051 ;;Total ram usage:        1 bytes
  1052 ;; Hardware stack levels used: 1
  1053 ;; This function calls:
  1054 ;;		Nothing
  1055 ;; This function is called by:
  1056 ;;		_isr
  1057 ;; This function uses a non-reentrant model
  1058 ;;
  1059                           
  1060     00FF                     _I2C_Read_Slave:	
  1061                           ;psect for function _I2C_Read_Slave
  1062                           
  1063     00FF                     i1l755:	
  1064                           ;incstack = 0
  1065                           ; Regs used in _I2C_Read_Slave: [wreg]
  1066                           
  1067     00FF  1283               	bcf	3,5	;RP0=0, select bank0
  1068     0100  1303               	bcf	3,6	;RP1=0, select bank0
  1069     0101  0813               	movf	19,w	;volatile
  1070     0102                     i1l108:	
  1071                           ;i2c.c: 128:     while(!BF);
  1072                           
  1073     0102  1683               	bsf	3,5	;RP0=1, select bank1
  1074     0103  1303               	bcf	3,6	;RP1=0, select bank1
  1075     0104  1C14               	btfss	20,0	;volatile
  1076     0105  2907               	goto	u5_21
  1077     0106  2908               	goto	u5_20
  1078     0107                     u5_21:
  1079     0107  2902               	goto	i1l108
  1080     0108                     u5_20:
  1081     0108                     i1l757:
  1082                           
  1083                           ;i2c.c: 129:     dato_i2c = SSPBUF;
  1084     0108  1283               	bcf	3,5	;RP0=0, select bank0
  1085     0109  1303               	bcf	3,6	;RP1=0, select bank0
  1086     010A  0813               	movf	19,w	;volatile
  1087     010B  00F0               	movwf	I2C_Read_Slave@dato_i2c
  1088     010C                     i1l759:
  1089                           
  1090                           ;i2c.c: 130:     SSPCONbits.CKP = 1;
  1091     010C  1614               	bsf	20,4	;volatile
  1092     010D                     i1l761:
  1093                           
  1094                           ;i2c.c: 131:     SSPCONbits.SSPM3 = 0;
  1095     010D  1194               	bcf	20,3	;volatile
  1096                           
  1097                           ;i2c.c: 132:     return dato_i2c;
  1098     010E  0870               	movf	I2C_Read_Slave@dato_i2c,w
  1099     010F                     i1l111:
  1100     010F  0008               	return
  1101     0110                     __end_of_I2C_Read_Slave:
  1102                           
  1103                           	psect	text7
  1104     00D7                     __ptext7:	
  1105 ;; *************** function _I2C_Read_Mode *****************
  1106 ;; Defined at:
  1107 ;;		line 107 in file "i2c.c"
  1108 ;; Parameters:    Size  Location     Type
  1109 ;;		None
  1110 ;; Auto vars:     Size  Location     Type
  1111 ;;		None
  1112 ;; Return value:  Size  Location     Type
  1113 ;;                  2    0[COMMON] short 
  1114 ;; Registers used:
  1115 ;;		wreg, status,2
  1116 ;; Tracked objects:
  1117 ;;		On entry : 0/0
  1118 ;;		On exit  : 0/0
  1119 ;;		Unchanged: 0/0
  1120 ;; Data sizes:     COMMON   BANK0   BANK1   BANK3   BANK2
  1121 ;;      Params:         2       0       0       0       0
  1122 ;;      Locals:         1       0       0       0       0
  1123 ;;      Temps:          2       0       0       0       0
  1124 ;;      Totals:         5       0       0       0       0
  1125 ;;Total ram usage:        5 bytes
  1126 ;; Hardware stack levels used: 1
  1127 ;; This function calls:
  1128 ;;		Nothing
  1129 ;; This function is called by:
  1130 ;;		_isr
  1131 ;; This function uses a non-reentrant model
  1132 ;;
  1133                           
  1134     00D7                     _I2C_Read_Mode:	
  1135                           ;psect for function _I2C_Read_Mode
  1136                           
  1137     00D7                     i1l883:	
  1138                           ;incstack = 0
  1139                           ; Regs used in _I2C_Read_Mode: [wreg+status,2]
  1140                           
  1141                           
  1142                           ;i2c.c: 109:     return (!SSPSTATbits.D_nA && SSPSTATbits.R_nW) ? 1: 0;
  1143     00D7  01F4               	clrf	_I2C_Read_Mode$503
  1144     00D8                     i1l885:
  1145     00D8  1683               	bsf	3,5	;RP0=1, select bank1
  1146     00D9  1303               	bcf	3,6	;RP1=0, select bank1
  1147     00DA  1A94               	btfsc	20,5	;volatile
  1148     00DB  28DD               	goto	u19_21
  1149     00DC  28DE               	goto	u19_20
  1150     00DD                     u19_21:
  1151     00DD  28E4               	goto	i1l891
  1152     00DE                     u19_20:
  1153     00DE                     i1l887:
  1154     00DE  1D14               	btfss	20,2	;volatile
  1155     00DF  28E1               	goto	u20_21
  1156     00E0  28E2               	goto	u20_20
  1157     00E1                     u20_21:
  1158     00E1  28E4               	goto	i1l891
  1159     00E2                     u20_20:
  1160     00E2                     i1l889:
  1161     00E2  01F4               	clrf	_I2C_Read_Mode$503
  1162     00E3  0AF4               	incf	_I2C_Read_Mode$503,f
  1163     00E4                     i1l891:
  1164     00E4  0874               	movf	_I2C_Read_Mode$503,w
  1165     00E5  00F2               	movwf	??_I2C_Read_Mode
  1166     00E6  01F3               	clrf	??_I2C_Read_Mode+1
  1167     00E7  0872               	movf	??_I2C_Read_Mode,w
  1168     00E8  00F0               	movwf	?_I2C_Read_Mode
  1169     00E9  0873               	movf	??_I2C_Read_Mode+1,w
  1170     00EA  00F1               	movwf	?_I2C_Read_Mode+1
  1171     00EB                     i1l102:
  1172     00EB  0008               	return
  1173     00EC                     __end_of_I2C_Read_Mode:
  1174                           
  1175                           	psect	text8
  1176     00AC                     __ptext8:	
  1177 ;; *************** function _I2C_Error_Read *****************
  1178 ;; Defined at:
  1179 ;;		line 97 in file "i2c.c"
  1180 ;; Parameters:    Size  Location     Type
  1181 ;;		None
  1182 ;; Auto vars:     Size  Location     Type
  1183 ;;		None
  1184 ;; Return value:  Size  Location     Type
  1185 ;;                  2    0[COMMON] short 
  1186 ;; Registers used:
  1187 ;;		wreg, status,2
  1188 ;; Tracked objects:
  1189 ;;		On entry : 0/0
  1190 ;;		On exit  : 0/0
  1191 ;;		Unchanged: 0/0
  1192 ;; Data sizes:     COMMON   BANK0   BANK1   BANK3   BANK2
  1193 ;;      Params:         2       0       0       0       0
  1194 ;;      Locals:         1       0       0       0       0
  1195 ;;      Temps:          2       0       0       0       0
  1196 ;;      Totals:         5       0       0       0       0
  1197 ;;Total ram usage:        5 bytes
  1198 ;; Hardware stack levels used: 1
  1199 ;; This function calls:
  1200 ;;		Nothing
  1201 ;; This function is called by:
  1202 ;;		_isr
  1203 ;; This function uses a non-reentrant model
  1204 ;;
  1205                           
  1206     00AC                     _I2C_Error_Read:	
  1207                           ;psect for function _I2C_Error_Read
  1208                           
  1209     00AC                     i1l861:	
  1210                           ;incstack = 0
  1211                           ; Regs used in _I2C_Error_Read: [wreg+status,2]
  1212                           
  1213                           
  1214                           ;i2c.c: 99:     SSPCONbits.CKP = 0;
  1215     00AC  1283               	bcf	3,5	;RP0=0, select bank0
  1216     00AD  1303               	bcf	3,6	;RP1=0, select bank0
  1217     00AE  1214               	bcf	20,4	;volatile
  1218                           
  1219                           ;i2c.c: 100:     return ((SSPCONbits.SSPOV) || (SSPCONbits.WCOL)) ? 1 : 0;
  1220     00AF  01F4               	clrf	_I2C_Error_Read$491
  1221     00B0  0AF4               	incf	_I2C_Error_Read$491,f
  1222     00B1  1B14               	btfsc	20,6	;volatile
  1223     00B2  28B4               	goto	u15_21
  1224     00B3  28B5               	goto	u15_20
  1225     00B4                     u15_21:
  1226     00B4  28BA               	goto	i1l867
  1227     00B5                     u15_20:
  1228     00B5                     i1l863:
  1229     00B5  1B94               	btfsc	20,7	;volatile
  1230     00B6  28B8               	goto	u16_21
  1231     00B7  28B9               	goto	u16_20
  1232     00B8                     u16_21:
  1233     00B8  28BA               	goto	i1l867
  1234     00B9                     u16_20:
  1235     00B9                     i1l865:
  1236     00B9  01F4               	clrf	_I2C_Error_Read$491
  1237     00BA                     i1l867:
  1238     00BA  0874               	movf	_I2C_Error_Read$491,w
  1239     00BB  00F2               	movwf	??_I2C_Error_Read
  1240     00BC  01F3               	clrf	??_I2C_Error_Read+1
  1241     00BD  0872               	movf	??_I2C_Error_Read,w
  1242     00BE  00F0               	movwf	?_I2C_Error_Read
  1243     00BF  0873               	movf	??_I2C_Error_Read+1,w
  1244     00C0  00F1               	movwf	?_I2C_Error_Read+1
  1245     00C1                     i1l92:
  1246     00C1  0008               	return
  1247     00C2                     __end_of_I2C_Error_Read:
  1248                           
  1249                           	psect	text9
  1250     0120                     __ptext9:	
  1251 ;; *************** function _I2C_Error_Data *****************
  1252 ;; Defined at:
  1253 ;;		line 112 in file "i2c.c"
  1254 ;; Parameters:    Size  Location     Type
  1255 ;;		None
  1256 ;; Auto vars:     Size  Location     Type
  1257 ;;  z               2    0        short 
  1258 ;; Return value:  Size  Location     Type
  1259 ;;                  1    wreg      void 
  1260 ;; Registers used:
  1261 ;;		wreg
  1262 ;; Tracked objects:
  1263 ;;		On entry : 0/0
  1264 ;;		On exit  : 0/0
  1265 ;;		Unchanged: 0/0
  1266 ;; Data sizes:     COMMON   BANK0   BANK1   BANK3   BANK2
  1267 ;;      Params:         0       0       0       0       0
  1268 ;;      Locals:         0       0       0       0       0
  1269 ;;      Temps:          0       0       0       0       0
  1270 ;;      Totals:         0       0       0       0       0
  1271 ;;Total ram usage:        0 bytes
  1272 ;; Hardware stack levels used: 1
  1273 ;; This function calls:
  1274 ;;		Nothing
  1275 ;; This function is called by:
  1276 ;;		_isr
  1277 ;; This function uses a non-reentrant model
  1278 ;;
  1279                           
  1280     0120                     _I2C_Error_Data:	
  1281                           ;psect for function _I2C_Error_Data
  1282                           
  1283     0120                     i1l731:	
  1284                           ;incstack = 0
  1285                           ; Regs used in _I2C_Error_Data: [wreg]
  1286                           
  1287                           
  1288                           ;i2c.c: 114:     short z;;i2c.c: 115:     SSPCONbits.CKP = 0;
  1289     0120  1283               	bcf	3,5	;RP0=0, select bank0
  1290     0121  1303               	bcf	3,6	;RP1=0, select bank0
  1291     0122  1214               	bcf	20,4	;volatile
  1292     0123                     i1l733:
  1293     0123  0813               	movf	19,w	;volatile
  1294     0124                     i1l735:
  1295                           
  1296                           ;i2c.c: 117:     SSPCONbits.SSPOV = 0;
  1297     0124  1314               	bcf	20,6	;volatile
  1298     0125                     i1l737:
  1299                           
  1300                           ;i2c.c: 118:     SSPCONbits.WCOL = 0;
  1301     0125  1394               	bcf	20,7	;volatile
  1302     0126                     i1l739:
  1303                           
  1304                           ;i2c.c: 119:     SSPCONbits.CKP = 1;
  1305     0126  1614               	bsf	20,4	;volatile
  1306     0127                     i1l741:
  1307                           
  1308                           ;i2c.c: 120:     SSPCONbits.SSPM3 = 0;
  1309     0127  1194               	bcf	20,3	;volatile
  1310     0128                     i1l105:
  1311     0128  0008               	return
  1312     0129                     __end_of_I2C_Error_Data:
  1313     007E                     btemp	set	126	;btemp
  1314     007E                     wtemp0	set	126
  1315                           
  1316                           	psect	idloc
  1317                           
  1318                           ;Config register IDLOC0 @ 0x2000
  1319                           ;	unspecified, using default values
  1320     2000                     	org	8192
  1321     2000  3FFF               	dw	16383
  1322                           
  1323                           ;Config register IDLOC1 @ 0x2001
  1324                           ;	unspecified, using default values
  1325     2001                     	org	8193
  1326     2001  3FFF               	dw	16383
  1327                           
  1328                           ;Config register IDLOC2 @ 0x2002
  1329                           ;	unspecified, using default values
  1330     2002                     	org	8194
  1331     2002  3FFF               	dw	16383
  1332                           
  1333                           ;Config register IDLOC3 @ 0x2003
  1334                           ;	unspecified, using default values
  1335     2003                     	org	8195
  1336     2003  3FFF               	dw	16383
  1337                           
  1338                           	psect	config
  1339                           
  1340                           ;Config register CONFIG1 @ 0x2007
  1341                           ;	Oscillator Selection bits
  1342                           ;	FOSC = INTRC_NOCLKOUT, INTOSCIO oscillator: I/O function on RA6/OSC2/CLKOUT pin, I/O f
      +                          unction on RA7/OSC1/CLKIN
  1343                           ;	Watchdog Timer Enable bit
  1344                           ;	WDTE = OFF, WDT disabled and can be enabled by SWDTEN bit of the WDTCON register
  1345                           ;	Power-up Timer Enable bit
  1346                           ;	PWRTE = OFF, PWRT disabled
  1347                           ;	RE3/MCLR pin function select bit
  1348                           ;	MCLRE = OFF, RE3/MCLR pin function is digital input, MCLR internally tied to VDD
  1349                           ;	Code Protection bit
  1350                           ;	CP = OFF, Program memory code protection is disabled
  1351                           ;	Data Code Protection bit
  1352                           ;	CPD = OFF, Data memory code protection is disabled
  1353                           ;	Brown Out Reset Selection bits
  1354                           ;	BOREN = OFF, BOR disabled
  1355                           ;	Internal External Switchover bit
  1356                           ;	IESO = OFF, Internal/External Switchover mode is disabled
  1357                           ;	Fail-Safe Clock Monitor Enabled bit
  1358                           ;	FCMEN = OFF, Fail-Safe Clock Monitor is disabled
  1359                           ;	Low Voltage Programming Enable bit
  1360                           ;	LVP = OFF, RB3 pin has digital I/O, HV on MCLR must be used for programming
  1361                           ;	In-Circuit Debugger Mode bit
  1362                           ;	DEBUG = 0x1, unprogramme  1363     2007                     	org	8199
  1364     2007  20D4               	dw	8404
  1365                           
  1366                           ;Config register CONFIG2 @ 0x2008
  1367                           ;	Brown-out Reset Selection bit
  1368                           ;	BOR4V = BOR40V, Brown-out Reset set to 4.0V
  1369                           ;	Flash Program Memory Self Write Enable bits
  1370                           ;	WRT = OFF, Write protection off
  1371     2008                     	org	8200
  1372     2008  3FFF               	dw	16383

Data Sizes:
    Strings     0
    Constant    0
    Data        0
    BSS         2
    Persistent  0
    Stack       0

Auto Spaces:
    Space          Size  Autos    Used
    COMMON           14      7       9
    BANK0            80      2       2
    BANK1            80      0       0
    BANK3            96      0       0
    BANK2            96      0       0

Pointer List with Targets:

    None.

Critical Paths under _main in COMMON

    None.

Critical Paths under _isr in COMMON

    _isr->_I2C_Error_Read
    _isr->_I2C_Read_Mode
    _isr->_I2C_Write_Mode

Critical Paths under _main in BANK0

    _main->_setup
    _setup->_I2C_Init_Slave

Critical Paths under _isr in BANK0

    None.

Critical Paths under _main in BANK1

    None.

Critical Paths under _isr in BANK1

    None.

Critical Paths under _main in BANK3

    None.

Critical Paths under _isr in BANK3

    None.

Critical Paths under _main in BANK2

    None.

Critical Paths under _isr in BANK2

    None.

Call Graph Tables:

 ---------------------------------------------------------------------------------
 (Depth) Function   	        Calls       Base Space   Used Autos Params    Refs
 ---------------------------------------------------------------------------------
 (0) _main                                                 0     0      0      31
                              _setup
 ---------------------------------------------------------------------------------
 (1) _setup                                                1     1      0      31
                                              1 BANK0      1     1      0
                     _I2C_Init_Slave
 ---------------------------------------------------------------------------------
 (2) _I2C_Init_Slave                                       1     1      0      31
                                              0 BANK0      1     1      0
 ---------------------------------------------------------------------------------
 Estimated maximum stack depth 2
 ---------------------------------------------------------------------------------
 (Depth) Function   	        Calls       Base Space   Used Autos Params    Refs
 ---------------------------------------------------------------------------------
 (3) _isr                                                  2     2      0     102
                                              5 COMMON     2     2      0
                     _I2C_Error_Data
                     _I2C_Error_Read
                      _I2C_Read_Mode
                     _I2C_Read_Slave
                     _I2C_Write_Mode
                    _I2C_Write_Slave
 ---------------------------------------------------------------------------------
 (4) _I2C_Write_Slave                                      3     3      0      15
                                              0 COMMON     1     1      0
 ---------------------------------------------------------------------------------
 (4) _I2C_Write_Mode                                       5     3      2      24
                                              0 COMMON     5     3      2
 ---------------------------------------------------------------------------------
 (4) _I2C_Read_Slave                                       3     3      0      15
                                              0 COMMON     1     1      0
 ---------------------------------------------------------------------------------
 (4) _I2C_Read_Mode                                        5     3      2      24
                                              0 COMMON     5     3      2
 ---------------------------------------------------------------------------------
 (4) _I2C_Error_Read                                       5     3      2      24
                                              0 COMMON     5     3      2
 ---------------------------------------------------------------------------------
 (4) _I2C_Error_Data                                       2     2      0       0
 ---------------------------------------------------------------------------------
 Estimated maximum stack depth 4
 ---------------------------------------------------------------------------------

 Call Graph Graphs:

 _main (ROOT)
   _setup
     _I2C_Init_Slave

 _isr (ROOT)
   _I2C_Error_Data
   _I2C_Error_Read
   _I2C_Read_Mode
   _I2C_Read_Slave
   _I2C_Write_Mode
   _I2C_Write_Slave

 Address spaces:
Name               Size   Autos  Total    Cost      Usage
BITCOMMON            E      0       0       0        0.0%
EEDATA             100      0       0       0        0.0%
NULL                 0      0       0       0        0.0%
CODE                 0      0       0       0        0.0%
COMMON               E      7       9       1       64.3%
BITSFR0              0      0       0       1        0.0%
SFR0                 0      0       0       1        0.0%
BITSFR1              0      0       0       2        0.0%
SFR1                 0      0       0       2        0.0%
STACK                0      0       0       2        0.0%
ABS                  0      0       B       3        0.0%
BITBANK0            50      0       0       4        0.0%
BITSFR3              0      0       0       4        0.0%
SFR3                 0      0       0       4        0.0%
BANK0               50      2       2       5        2.5%
BITSFR2              0      0       0       5        0.0%
SFR2                 0      0       0       5        0.0%
BITBANK1            50      0       0       6        0.0%
BANK1               50      0       0       7        0.0%
BITBANK3            60      0       0       8        0.0%
BANK3               60      0       0       9        0.0%
BITBANK2            60      0       0      10        0.0%
BANK2               60      0       0      11        0.0%
DATA                 0      0       B      12        0.0%


Microchip Technology PIC Macro Assembler V2.40 build 20220703182018 
Symbol Table                                                                                   Thu Feb 09 22:30:05 2023

            _SSPSTATbits 0094                       _BF 04A0                       l60 008B  
                     l87 00AB                      l961 008F                      l971 00A8  
                    l963 0093                      l965 00A3                      l981 0066  
                    l973 005E                      l967 00A4                      l991 0074  
                    l983 0067                      l975 0061                      l969 00A5  
                    l993 0077                      l985 0068                      l977 0062  
                    l995 0078                      l987 006E                      l979 0065  
                    l997 007B                      l989 0071                      l999 007C  
                    u270 011B                      u271 011A                      u287 0088  
                    _isr 0015                     l1001 007D                     l1011 0084  
                   l1003 0080                     l1005 0081                     l1013 0110  
                   l1007 0082                     l1015 0115                     l1009 0083  
                   l1017 011B                     ?_isr 0070                     i1l45 0032  
                   i1l48 0057                     i1l92 00C1                     i1l97 00D6  
                   u5_20 0108                     u5_21 0107                     u8_20 00FE  
                   u8_21 00FD                     _main 0110                     btemp 007E  
                   start 000C                    ??_isr 0075                    ?_main 0070  
        _I2C_Write_Slave 00EC                    i1l102 00EB                    i1l111 010F  
                  i1l105 0128                    i1l114 00F8                    i1l108 0102  
                  i1l117 00FE                    i1l731 0120                    i1l741 0127  
                  i1l733 0123                    i1l735 0124                    i1l737 0125  
                  i1l761 010D                    i1l739 0126                    i1l755 00FF  
                  i1l861 00AC                    i1l757 0108                    i1l781 00F7  
                  i1l941 001E                    i1l863 00B5                    i1l759 010C  
                  i1l871 00C2                    i1l951 004E                    i1l943 0022  
                  i1l935 0015                    i1l865 00B9                    i1l873 00C3  
                  i1l777 00ED                    i1l953 0054                    i1l945 002D  
                  i1l937 001B                    i1l867 00BA                    i1l891 00E4  
                  i1l883 00D7                    i1l875 00C9                    i1l779 00F0  
                  i1l947 003D                    i1l939 001D                    i1l885 00D8  
                  i1l877 00CD                    i1l949 0043                    i1l887 00DE  
                  i1l879 00CF                    i1l889 00E2                    u20_20 00E2  
                  u20_21 00E1                    u21_20 001B                    u21_21 001A  
                  u22_20 0022                    u22_21 0021                    u15_20 00B5  
                  u23_20 002D                    u15_21 00B4                    u23_21 002C  
                  u16_20 00B9                    u24_20 003D                    u16_21 00B8  
                  u24_21 003C                    u17_20 00C9                    u25_20 004E  
                  u17_21 00C8                    u25_21 004D                    u18_20 00CD  
                  u18_21 00CC                    u19_20 00DE                    u19_21 00DD  
                  _setup 005E                    pclath 000A                    status 0003  
                  wtemp0 007E          __initialization 000F             __end_of_main 0120  
 I2C_Read_Slave@dato_i2c 0070                   ??_main 0022                   _ADRESH 001E  
                 ?_setup 0070                   _ANSELH 0189                   _SSPADD 0093  
                 _SSPCON 0014                   _SSPBUF 0013            _I2C_Read_Mode 00D7  
__end_of_I2C_Write_Slave 00FF  I2C_Write_Slave@dato_i2c 0070                   saved_w 007E  
__end_of__initialization 0011        _I2C_Read_Mode$503 0074           ?_I2C_Read_Mode 0070  
         __pcstackCOMMON 0070            __end_of_setup 008C                  ??_setup 0021  
             __pmaintext 0110         ?_I2C_Write_Slave 0070               __pintentry 0004  
                _SSPCON2 0091                  _SSPSTAT 0094          ??_I2C_Read_Mode 0072  
         _I2C_Init_Slave 008C           _I2C_Read_Slave 00FF           _I2C_Error_Data 0120  
         _I2C_Error_Read 00AC                _ANSELbits 0188                  __ptext1 005E  
                __ptext2 008C                  __ptext3 0015                  __ptext4 00EC  
                __ptext5 00C2                  __ptext6 00FF                  __ptext7 00D7  
                __ptext8 00AC                  __ptext9 0120     end_of_initialization 0011  
 __end_of_I2C_Init_Slave 00AC   __end_of_I2C_Read_Slave 0110   __end_of_I2C_Error_Data 0129  
 __end_of_I2C_Error_Read 00C2                _TRISCbits 0087          ?_I2C_Init_Slave 0070  
        ?_I2C_Read_Slave 0070          ?_I2C_Error_Data 0070          ?_I2C_Error_Read 0070  
         _I2C_Write_Mode 00C2      start_initialization 000F              __end_of_isr 005E  
     _I2C_Error_Read$491 0074   __end_of_I2C_Write_Mode 00D7              __pbssCOMMON 0077  
              ___latbits 0002            __pcstackBANK0 0020          ?_I2C_Write_Mode 0070  
     _I2C_Write_Mode$501 0074        interrupt_function 0004                 _PIE1bits 008C  
               _PIR1bits 000C    __end_of_I2C_Read_Mode 00EC                _valor_ADC 0078  
             _ADCON0bits 001F               _ADCON1bits 009F         ??_I2C_Init_Slave 0020  
       ??_I2C_Read_Slave 0070         ??_I2C_Error_Data 0070         ??_I2C_Error_Read 0072  
      ??_I2C_Write_Slave 0070                 _temporal 0077               _INTCONbits 000B  
               intlevel1 0000         ??_I2C_Write_Mode 0072               _OSCCONbits 008F  
I2C_Init_Slave@add_slave 0020               _SSPCONbits 0014  
